Processing 11 files
Start Processing: net/mcreator/aturaparasiteinfection/AturaParasiteInfection.java
New Key: class net/minecraftforge/fml/common/Mod
New Key: class net/minecraftforge/fml/common/Mod
New Key: class net/mcreator/aturaparasiteinfection/ElementsAturaParasiteInfection
New Key: class net/minecraftforge/fml/common/Mod
New Key: class net/minecraftforge/fml/common/Mod
New Key: class net/minecraftforge/fml/common/Mod
New Key: class net/minecraftforge/event/RegistryEvent
New Key: class net/minecraftforge/event/RegistryEvent
New Key: class net/minecraftforge/event/RegistryEvent
New Key: class net/minecraftforge/event/RegistryEvent
New Key: class net/minecraftforge/event/RegistryEvent
New Key: class net/minecraftforge/event/RegistryEvent
Import: net.minecraftforge.fml.relauncher.SideOnly
Import: net.minecraftforge.fml.relauncher.Side
Import: net.minecraftforge.fml.common.registry.GameRegistry
Import: net.minecraftforge.fml.common.registry.EntityEntry
Import: net.minecraftforge.fml.common.network.simpleimpl.SimpleNetworkWrapper
Import: net.minecraftforge.fml.common.network.NetworkRegistry
Import: net.minecraftforge.fml.common.eventhandler.SubscribeEvent
Import: net.minecraftforge.fml.common.event.FMLServerStartingEvent
Import: net.minecraftforge.fml.common.event.FMLPreInitializationEvent
Import: net.minecraftforge.fml.common.event.FMLPostInitializationEvent
Import: net.minecraftforge.fml.common.event.FMLInitializationEvent
Import: net.minecraftforge.fml.common.SidedProxy
Import: net.minecraftforge.fml.common.Mod
Import: net.minecraftforge.fluids.FluidRegistry
Import: net.minecraftforge.event.RegistryEvent
Import: net.minecraftforge.common.MinecraftForge
Import: net.minecraftforge.client.event.ModelRegistryEvent
Import: net.minecraft.world.biome.Biome
Import: net.minecraft.potion.Potion
Import: net.minecraft.item.Item
Import: net.minecraft.block.Block
Import: java.util.function.Supplier
End  Processing: net/mcreator/aturaparasiteinfection/AturaParasiteInfection.java

Start Processing: net/mcreator/aturaparasiteinfection/AturaParasiteInfectionVariables.java
FOUND CONSTR method net/mcreator/aturaparasiteinfection/AturaParasiteInfectionVariables/MapVariables/MapVariables ()V net/mcreator/aturaparasiteinfection/AturaParasiteInfectionVariables/MapVariables
FOUND CONSTR method net/mcreator/aturaparasiteinfection/AturaParasiteInfectionVariables/MapVariables/MapVariables (Ljava/lang/String;)V net/mcreator/aturaparasiteinfection/AturaParasiteInfectionVariables/MapVariables
Rename method net/minecraft/world/storage/WorldSavedData/readFromNBT (Lnet/minecraft/nbt/NBTTagCompound;)V[895,906]::readFromNBT->func_76184_a
Rename method net/minecraft/nbt/NBTTagCompound/getDouble (Ljava/lang/String;)D[947,956]::getDouble->func_74769_h
Rename method net/minecraft/world/storage/WorldSavedData/writeToNBT (Lnet/minecraft/nbt/NBTTagCompound;)Lnet/minecraft/nbt/NBTTagCompound;[1016,1026]::writeToNBT->func_189551_b
Rename method net/minecraft/nbt/NBTTagCompound/setDouble (Ljava/lang/String;D)V[1060,1069]::setDouble->func_74780_a
Rename method net/minecraft/world/storage/WorldSavedData/markDirty ()V[1163,1172]::markDirty->func_76185_a
Rename field net/minecraft/world/World/isRemote[1193,1201]::isRemote->field_72995_K
Rename method net/minecraft/world/World/getMapStorage ()Lnet/minecraft/world/storage/MapStorage;[1525,1538]::getMapStorage->func_175693_T
Rename method net/minecraft/world/storage/MapStorage/getOrLoadData (Ljava/lang/Class;Ljava/lang/String;)Lnet/minecraft/world/storage/WorldSavedData;[1541,1554]::getOrLoadData->func_75742_a
Rename method net/minecraft/world/World/getMapStorage ()Lnet/minecraft/world/storage/MapStorage;[1661,1674]::getMapStorage->func_175693_T
Rename method net/minecraft/world/storage/MapStorage/setData (Ljava/lang/String;Lnet/minecraft/world/storage/WorldSavedData;)V[1677,1684]::setData->func_75745_a
FOUND CONSTR method net/mcreator/aturaparasiteinfection/AturaParasiteInfectionVariables/WorldVariables/WorldVariables ()V net/mcreator/aturaparasiteinfection/AturaParasiteInfectionVariables/WorldVariables
FOUND CONSTR method net/mcreator/aturaparasiteinfection/AturaParasiteInfectionVariables/WorldVariables/WorldVariables (Ljava/lang/String;)V net/mcreator/aturaparasiteinfection/AturaParasiteInfectionVariables/WorldVariables
Rename method net/minecraft/world/storage/WorldSavedData/readFromNBT (Lnet/minecraft/nbt/NBTTagCompound;)V[2034,2045]::readFromNBT->func_76184_a
Rename method net/minecraft/world/storage/WorldSavedData/writeToNBT (Lnet/minecraft/nbt/NBTTagCompound;)Lnet/minecraft/nbt/NBTTagCompound;[2114,2124]::writeToNBT->func_189551_b
Rename method net/minecraft/world/storage/WorldSavedData/markDirty ()V[2221,2230]::markDirty->func_76185_a
Rename field net/minecraft/world/World/isRemote[2251,2259]::isRemote->field_72995_K
Rename field net/minecraft/world/World/provider[2483,2491]::provider->field_73011_w
Rename method net/minecraft/world/storage/MapStorage/getOrLoadData (Ljava/lang/Class;Ljava/lang/String;)Lnet/minecraft/world/storage/WorldSavedData;[2652,2665]::getOrLoadData->func_75742_a
Rename method net/minecraft/world/storage/MapStorage/setData (Ljava/lang/String;Lnet/minecraft/world/storage/WorldSavedData;)V[2797,2804]::setData->func_75745_a
Rename field net/minecraft/network/NetHandlerPlayServer/player[3163,3169]::player->field_147369_b
Rename method net/minecraft/entity/player/EntityPlayerMP/getServerWorld ()Lnet/minecraft/world/WorldServer;[3178,3192]::getServerWorld->func_71121_q
Rename method net/minecraft/util/IThreadListener/addScheduledTask (Ljava/lang/Runnable;)Lcom/google/common/util/concurrent/ListenableFuture;[3201,3217]::addScheduledTask->func_152344_a
Rename field net/minecraft/network/NetHandlerPlayServer/player[3275,3281]::player->field_147369_b
Rename field net/minecraft/entity/Entity/world[3290,3295]::world->field_70170_p
Rename method net/minecraft/client/Minecraft/getMinecraft ()Lnet/minecraft/client/Minecraft;[3331,3343]::getMinecraft->func_71410_x
Rename method net/minecraft/util/IThreadListener/addScheduledTask (Ljava/lang/Runnable;)Lcom/google/common/util/concurrent/ListenableFuture;[3346,3362]::addScheduledTask->func_152344_a
Rename method net/minecraft/client/Minecraft/getMinecraft ()Lnet/minecraft/client/Minecraft;[3403,3415]::getMinecraft->func_71410_x
Rename field net/minecraft/client/Minecraft/player[3418,3424]::player->field_71439_g
Rename field net/minecraft/entity/Entity/world[3432,3437]::world->field_70170_p
Rename method net/minecraft/world/storage/WorldSavedData/markDirty ()V[3629,3638]::markDirty->func_76185_a
Rename field net/minecraft/world/World/provider[3822,3830]::provider->field_73011_w
Rename method net/minecraft/world/World/getMapStorage ()Lnet/minecraft/world/storage/MapStorage;[3899,3912]::getMapStorage->func_175693_T
Rename method net/minecraft/world/storage/MapStorage/setData (Ljava/lang/String;Lnet/minecraft/world/storage/WorldSavedData;)V[3915,3922]::setData->func_75745_a
Rename method net/minecraft/world/storage/MapStorage/setData (Ljava/lang/String;Lnet/minecraft/world/storage/WorldSavedData;)V[4012,4019]::setData->func_75745_a
FOUND CONSTR method net/mcreator/aturaparasiteinfection/AturaParasiteInfectionVariables/WorldSavedDataSyncMessage/WorldSavedDataSyncMessage ()V net/mcreator/aturaparasiteinfection/AturaParasiteInfectionVariables/WorldSavedDataSyncMessage
FOUND CONSTR method net/mcreator/aturaparasiteinfection/AturaParasiteInfectionVariables/WorldSavedDataSyncMessage/WorldSavedDataSyncMessage (ILnet/minecraft/world/storage/WorldSavedData;)V net/mcreator/aturaparasiteinfection/AturaParasiteInfectionVariables/WorldSavedDataSyncMessage
Rename method net/minecraft/world/storage/WorldSavedData/writeToNBT (Lnet/minecraft/nbt/NBTTagCompound;)Lnet/minecraft/nbt/NBTTagCompound;[4508,4518]::writeToNBT->func_189551_b
Rename method net/minecraft/world/storage/WorldSavedData/readFromNBT (Lnet/minecraft/nbt/NBTTagCompound;)V[4776,4787]::readFromNBT->func_76184_a
Import: net.minecraftforge.fml.relauncher.Side
Import: net.minecraftforge.fml.common.network.simpleimpl.MessageContext
Import: net.minecraftforge.fml.common.network.simpleimpl.IMessageHandler
Import: net.minecraftforge.fml.common.network.simpleimpl.IMessage
Import: net.minecraftforge.fml.common.network.ByteBufUtils
Import: net.minecraft.world.storage.WorldSavedData
Import: net.minecraft.world.World
Import: net.minecraft.nbt.NBTTagCompound
Import: net.minecraft.client.Minecraft
End  Processing: net/mcreator/aturaparasiteinfection/AturaParasiteInfectionVariables.java

Start Processing: net/mcreator/aturaparasiteinfection/ClientProxyAturaParasiteInfection.java
Import: net.minecraftforge.fml.common.event.FMLServerStartingEvent
Import: net.minecraftforge.fml.common.event.FMLPreInitializationEvent
Import: net.minecraftforge.fml.common.event.FMLPostInitializationEvent
Import: net.minecraftforge.fml.common.event.FMLInitializationEvent
Import: net.minecraftforge.client.model.obj.OBJLoader
End  Processing: net/mcreator/aturaparasiteinfection/ClientProxyAturaParasiteInfection.java

Start Processing: net/mcreator/aturaparasiteinfection/ElementsAturaParasiteInfection.java
FOUND CONSTR method net/mcreator/aturaparasiteinfection/ElementsAturaParasiteInfection/ElementsAturaParasiteInfection ()V net/mcreator/aturaparasiteinfection/ElementsAturaParasiteInfection
New Key: class net/minecraftforge/fml/common/discovery/ASMDataTable
New Key: class net/mcreator/aturaparasiteinfection/ElementsAturaParasiteInfection/ModElement
New Key: class net/mcreator/aturaparasiteinfection/ElementsAturaParasiteInfection
New Key: class net/mcreator/aturaparasiteinfection/ElementsAturaParasiteInfection
New Key: class net/mcreator/aturaparasiteinfection/ElementsAturaParasiteInfection
New Key: class net/mcreator/aturaparasiteinfection/AturaParasiteInfectionVariables
New Key: class net/mcreator/aturaparasiteinfection/AturaParasiteInfectionVariables
New Key: class net/minecraftforge/event/RegistryEvent
New Key: class java/util/Map
Rename field net/minecraft/world/World/provider[3771,3779]::provider->field_73011_w
Rename field net/minecraft/entity/Entity/world[4160,4165]::world->field_70170_p
Rename field net/minecraft/world/World/isRemote[4174,4182]::isRemote->field_72995_K
New Key: class net/mcreator/aturaparasiteinfection/AturaParasiteInfectionVariables
Rename field net/minecraft/entity/Entity/world[4282,4287]::world->field_70170_p
New Key: class net/mcreator/aturaparasiteinfection/AturaParasiteInfectionVariables
Rename field net/minecraft/entity/Entity/world[4393,4398]::world->field_70170_p
New Key: class net/mcreator/aturaparasiteinfection/AturaParasiteInfectionVariables
New Key: class net/mcreator/aturaparasiteinfection/AturaParasiteInfectionVariables
Rename field net/minecraft/entity/Entity/world[4969,4974]::world->field_70170_p
Rename field net/minecraft/world/World/isRemote[4983,4991]::isRemote->field_72995_K
New Key: class net/mcreator/aturaparasiteinfection/AturaParasiteInfectionVariables
Rename field net/minecraft/entity/Entity/world[5095,5100]::world->field_70170_p
New Key: class net/mcreator/aturaparasiteinfection/AturaParasiteInfectionVariables
FOUND CONSTR method net/mcreator/aturaparasiteinfection/ElementsAturaParasiteInfection/ModElement/ModElement (Lnet/mcreator/aturaparasiteinfection/ElementsAturaParasiteInfection;I)V net/mcreator/aturaparasiteinfection/ElementsAturaParasiteInfection/ModElement
Import: net.minecraftforge.fml.relauncher.Side
Import: net.minecraftforge.fml.common.registry.EntityEntry
Import: net.minecraftforge.fml.common.network.simpleimpl.IMessageHandler
Import: net.minecraftforge.fml.common.network.simpleimpl.IMessage
Import: net.minecraftforge.fml.common.network.IGuiHandler
Import: net.minecraftforge.fml.common.eventhandler.SubscribeEvent
Import: net.minecraftforge.fml.common.event.FMLServerStartingEvent
Import: net.minecraftforge.fml.common.event.FMLPreInitializationEvent
Import: net.minecraftforge.fml.common.event.FMLInitializationEvent
Import: net.minecraftforge.fml.common.discovery.ASMDataTable
Import: net.minecraftforge.fml.common.IWorldGenerator
Import: net.minecraftforge.fml.common.IFuelHandler
Import: net.minecraftforge.event.RegistryEvent
Import: net.minecraftforge.client.event.ModelRegistryEvent
Import: net.minecraft.world.storage.WorldSavedData
Import: net.minecraft.world.gen.IChunkGenerator
Import: net.minecraft.world.chunk.IChunkProvider
Import: net.minecraft.world.biome.Biome
Import: net.minecraft.world.World
Import: net.minecraft.util.ResourceLocation
Import: net.minecraft.potion.Potion
Import: net.minecraft.item.ItemStack
Import: net.minecraft.item.Item
Import: net.minecraft.entity.player.EntityPlayerMP
Import: net.minecraft.entity.player.EntityPlayer
Import: net.minecraft.block.Block
Import: java.util.function.Supplier
Import: java.util.Random
Import: java.util.Map
Import: java.util.List
Import: java.util.HashMap
Import: java.util.Collections
Import: java.util.ArrayList
Import: java.lang.annotation.RetentionPolicy
Import: java.lang.annotation.Retention
End  Processing: net/mcreator/aturaparasiteinfection/ElementsAturaParasiteInfection.java

Start Processing: net/mcreator/aturaparasiteinfection/IProxyAturaParasiteInfection.java
Import: net.minecraftforge.fml.common.event.FMLServerStartingEvent
Import: net.minecraftforge.fml.common.event.FMLPreInitializationEvent
Import: net.minecraftforge.fml.common.event.FMLPostInitializationEvent
Import: net.minecraftforge.fml.common.event.FMLInitializationEvent
End  Processing: net/mcreator/aturaparasiteinfection/IProxyAturaParasiteInfection.java

Start Processing: net/mcreator/aturaparasiteinfection/ServerProxyAturaParasiteInfection.java
Import: net.minecraftforge.fml.common.event.FMLServerStartingEvent
Import: net.minecraftforge.fml.common.event.FMLPreInitializationEvent
Import: net.minecraftforge.fml.common.event.FMLPostInitializationEvent
Import: net.minecraftforge.fml.common.event.FMLInitializationEvent
End  Processing: net/mcreator/aturaparasiteinfection/ServerProxyAturaParasiteInfection.java

Start Processing: net/mcreator/aturaparasiteinfection/command/CommandGetPoints.java
New Key: class net/mcreator/aturaparasiteinfection/ElementsAturaParasiteInfection
New Key: class net/mcreator/aturaparasiteinfection/ElementsAturaParasiteInfection
FOUND CONSTR method net/mcreator/aturaparasiteinfection/command/CommandGetPoints/CommandGetPoints (Lnet/mcreator/aturaparasiteinfection/ElementsAturaParasiteInfection;)V net/mcreator/aturaparasiteinfection/command/CommandGetPoints
Rename method net/minecraft/command/ICommand/getName ()Ljava/lang/String;[1165,1172]::getName->func_71517_b
Rename method net/minecraft/command/ICommand/getName ()Ljava/lang/String;[1192,1199]::getName->func_71517_b
Rename method net/minecraft/command/ICommand/checkPermission (Lnet/minecraft/server/MinecraftServer;Lnet/minecraft/command/ICommandSender;)Z[1247,1262]::checkPermission->func_184882_a
Rename method net/minecraft/command/ICommand/getAliases ()Ljava/util/List;[1360,1370]::getAliases->func_71514_a
Rename method net/minecraft/command/ICommand/getTabCompletions (Lnet/minecraft/server/MinecraftServer;Lnet/minecraft/command/ICommandSender;[Ljava/lang/String;Lnet/minecraft/util/math/BlockPos;)Ljava/util/List;[1440,1457]::getTabCompletions->func_184883_a
Rename method net/minecraft/command/ICommand/isUsernameIndex ([Ljava/lang/String;I)Z[1598,1613]::isUsernameIndex->func_82358_a
Rename method net/minecraft/command/ICommand/getName ()Ljava/lang/String;[1695,1702]::getName->func_71517_b
Rename method net/minecraft/command/ICommand/getUsage (Lnet/minecraft/command/ICommandSender;)Ljava/lang/String;[1778,1786]::getUsage->func_71518_a
Rename method net/minecraft/command/ICommand/execute (Lnet/minecraft/server/MinecraftServer;Lnet/minecraft/command/ICommandSender;[Ljava/lang/String;)V[1893,1900]::execute->func_184881_a
Rename method net/minecraft/command/ICommandSender/getPosition ()Lnet/minecraft/util/math/BlockPos;[1989,2000]::getPosition->func_180425_c
Rename method net/minecraft/util/math/Vec3i/getX ()I[2005,2009]::getX->func_177958_n
Rename method net/minecraft/command/ICommandSender/getPosition ()Lnet/minecraft/util/math/BlockPos;[2041,2052]::getPosition->func_180425_c
Rename method net/minecraft/util/math/Vec3i/getY ()I[2057,2061]::getY->func_177956_o
Rename method net/minecraft/command/ICommandSender/getPosition ()Lnet/minecraft/util/math/BlockPos;[2093,2104]::getPosition->func_180425_c
Rename method net/minecraft/util/math/Vec3i/getZ ()I[2109,2113]::getZ->func_177952_p
Rename method net/minecraft/command/ICommandSender/getCommandSenderEntity ()Lnet/minecraft/entity/Entity;[2153,2175]::getCommandSenderEntity->func_174793_f
Rename field net/minecraft/entity/Entity/world[2222,2227]::world->field_70170_p
Import: net.minecraftforge.fml.common.event.FMLServerStartingEvent
Import: net.minecraft.world.World
Import: net.minecraft.util.math.BlockPos
Import: net.minecraft.server.MinecraftServer
Import: net.minecraft.entity.Entity
Import: net.minecraft.command.ICommandSender
Import: net.minecraft.command.ICommand
Import: net.minecraft.command.CommandHandler
Import: net.mcreator.aturaparasiteinfection.procedure.ProcedureGetPointsCommand
Import: net.mcreator.aturaparasiteinfection.ElementsAturaParasiteInfection
Import: java.util.List
Import: java.util.HashMap
Import: java.util.Arrays
Import: java.util.ArrayList
End  Processing: net/mcreator/aturaparasiteinfection/command/CommandGetPoints.java

Start Processing: net/mcreator/aturaparasiteinfection/entity/EntityAssimilatedHumanoid.java
New Key: class net/mcreator/aturaparasiteinfection/ElementsAturaParasiteInfection
New Key: class net/mcreator/aturaparasiteinfection/ElementsAturaParasiteInfection
FOUND CONSTR method net/mcreator/aturaparasiteinfection/entity/EntityAssimilatedHumanoid/EntityAssimilatedHumanoid (Lnet/mcreator/aturaparasiteinfection/ElementsAturaParasiteInfection;)V net/mcreator/aturaparasiteinfection/entity/EntityAssimilatedHumanoid
Rename field net/minecraft/world/biome/Biome/REGISTRY[2778,2786]::REGISTRY->field_185377_q
Rename method net/minecraft/client/renderer/entity/Render/getEntityTexture (Lnet/minecraft/entity/Entity;)Lnet/minecraft/util/ResourceLocation;[3493,3509]::getEntityTexture->func_110775_a
FOUND CONSTR method net/mcreator/aturaparasiteinfection/entity/EntityAssimilatedHumanoid/EntityCustom/EntityCustom (Lnet/minecraft/world/World;)V net/mcreator/aturaparasiteinfection/entity/EntityAssimilatedHumanoid/EntityCustom
Rename method net/minecraft/entity/Entity/setSize (FF)V[3766,3773]::setSize->func_70105_a
Rename field net/minecraft/entity/EntityLiving/experienceValue[3796,3811]::experienceValue->field_70728_aV
Rename field net/minecraft/entity/Entity/isImmuneToFire[3825,3839]::isImmuneToFire->field_70178_ae
Rename method net/minecraft/entity/EntityLiving/setNoAI (Z)V[3853,3860]::setNoAI->func_94061_f
Rename method net/minecraft/entity/EntityLiving/initEntityAI ()V[3912,3924]::initEntityAI->func_184651_r
Rename method net/minecraft/entity/EntityLiving/initEntityAI ()V[3940,3952]::initEntityAI->func_184651_r
Rename field net/minecraft/entity/EntityLiving/targetTasks[3966,3977]::targetTasks->field_70715_bh
Rename method net/minecraft/entity/ai/EntityAITasks/addTask (ILnet/minecraft/entity/ai/EntityAIBase;)V[3981,3988]::addTask->func_75776_a
Rename field net/minecraft/entity/EntityLiving/tasks[4046,4051]::tasks->field_70714_bg
Rename method net/minecraft/entity/ai/EntityAITasks/addTask (ILnet/minecraft/entity/ai/EntityAIBase;)V[4061,4068]::addTask->func_75776_a
Rename field net/minecraft/entity/EntityLiving/tasks[4129,4134]::tasks->field_70714_bg
Rename method net/minecraft/entity/ai/EntityAITasks/addTask (ILnet/minecraft/entity/ai/EntityAIBase;)V[4144,4151]::addTask->func_75776_a
Rename field net/minecraft/entity/EntityLiving/tasks[4199,4204]::tasks->field_70714_bg
Rename method net/minecraft/entity/ai/EntityAITasks/addTask (ILnet/minecraft/entity/ai/EntityAIBase;)V[4214,4221]::addTask->func_75776_a
Rename field net/minecraft/entity/EntityLiving/tasks[4268,4273]::tasks->field_70714_bg
Rename method net/minecraft/entity/ai/EntityAITasks/addTask (ILnet/minecraft/entity/ai/EntityAIBase;)V[4283,4290]::addTask->func_75776_a
Rename field net/minecraft/entity/EntityLiving/tasks[4337,4342]::tasks->field_70714_bg
Rename method net/minecraft/entity/ai/EntityAITasks/addTask (ILnet/minecraft/entity/ai/EntityAIBase;)V[4352,4359]::addTask->func_75776_a
Rename field net/minecraft/entity/EntityLiving/targetTasks[4423,4434]::targetTasks->field_70715_bh
Rename method net/minecraft/entity/ai/EntityAITasks/addTask (ILnet/minecraft/entity/ai/EntityAIBase;)V[4438,4445]::addTask->func_75776_a
Rename field net/minecraft/entity/EntityLiving/targetTasks[4541,4552]::targetTasks->field_70715_bh
Rename method net/minecraft/entity/ai/EntityAITasks/addTask (ILnet/minecraft/entity/ai/EntityAIBase;)V[4556,4563]::addTask->func_75776_a
Rename field net/minecraft/entity/EntityLiving/targetTasks[4661,4672]::targetTasks->field_70715_bh
Rename method net/minecraft/entity/ai/EntityAITasks/addTask (ILnet/minecraft/entity/ai/EntityAIBase;)V[4676,4683]::addTask->func_75776_a
Rename method net/minecraft/entity/EntityLivingBase/getCreatureAttribute ()Lnet/minecraft/entity/EnumCreatureAttribute;[4822,4842]::getCreatureAttribute->func_70668_bt
Rename method net/minecraft/entity/EntityLiving/getDropItem ()Lnet/minecraft/item/Item;[4922,4933]::getDropItem->func_146068_u
Rename method net/minecraft/entity/EntityLiving/getAmbientSound ()Lnet/minecraft/util/SoundEvent;[5017,5032]::getAmbientSound->func_184639_G
Rename field net/minecraft/util/SoundEvent/REGISTRY[5108,5116]::REGISTRY->field_187505_a
Rename method net/minecraft/util/registry/IRegistry/getObject (Ljava/lang/Object;)Ljava/lang/Object;[5123,5132]::getObject->func_82594_a
Rename method net/minecraft/entity/EntityLivingBase/getHurtSound (Lnet/minecraft/util/DamageSource;)Lnet/minecraft/util/SoundEvent;[5223,5235]::getHurtSound->func_184601_bQ
Rename field net/minecraft/util/SoundEvent/REGISTRY[5330,5338]::REGISTRY->field_187505_a
Rename method net/minecraft/util/registry/IRegistry/getObject (Ljava/lang/Object;)Ljava/lang/Object;[5345,5354]::getObject->func_82594_a
Rename method net/minecraft/entity/EntityLivingBase/getDeathSound ()Lnet/minecraft/util/SoundEvent;[5464,5477]::getDeathSound->func_184615_bR
Rename field net/minecraft/util/SoundEvent/REGISTRY[5556,5564]::REGISTRY->field_187505_a
Rename method net/minecraft/util/registry/IRegistry/getObject (Ljava/lang/Object;)Ljava/lang/Object;[5571,5580]::getObject->func_82594_a
Rename method net/minecraft/entity/EntityLivingBase/getSoundVolume ()F[5670,5684]::getSoundVolume->func_70599_aP
Rename method net/minecraft/entity/EntityLivingBase/onDeath (Lnet/minecraft/util/DamageSource;)V[5740,5747]::onDeath->func_70645_a
Rename method net/minecraft/entity/EntityLivingBase/onDeath (Lnet/minecraft/util/DamageSource;)V[5786,5793]::onDeath->func_70645_a
Rename field net/minecraft/entity/Entity/posX[5831,5835]::posX->field_70165_t
Rename field net/minecraft/entity/Entity/posY[5869,5873]::posY->field_70163_u
Rename field net/minecraft/entity/Entity/posZ[5907,5911]::posZ->field_70161_v
Rename field net/minecraft/entity/Entity/world[6169,6174]::world->field_70170_p
Rename method net/minecraft/entity/Entity/onKillEntity (Lnet/minecraft/entity/EntityLivingBase;)V[6288,6300]::onKillEntity->func_70074_a
Rename method net/minecraft/entity/Entity/onKillEntity (Lnet/minecraft/entity/EntityLivingBase;)V[6338,6350]::onKillEntity->func_70074_a
Rename field net/minecraft/entity/Entity/posX[6383,6387]::posX->field_70165_t
Rename field net/minecraft/entity/Entity/posY[6421,6425]::posY->field_70163_u
Rename field net/minecraft/entity/Entity/posZ[6459,6463]::posZ->field_70161_v
Rename field net/minecraft/entity/Entity/world[6738,6743]::world->field_70170_p
Rename method net/minecraft/entity/EntityLivingBase/applyEntityAttributes ()V[6859,6880]::applyEntityAttributes->func_110147_ax
Rename method net/minecraft/entity/EntityLivingBase/applyEntityAttributes ()V[6888,6909]::applyEntityAttributes->func_110147_ax
Rename method net/minecraft/entity/EntityLivingBase/getEntityAttribute (Lnet/minecraft/entity/ai/attributes/IAttribute;)Lnet/minecraft/entity/ai/attributes/IAttributeInstance;[6919,6937]::getEntityAttribute->func_110148_a
Rename field net/minecraft/entity/SharedMonsterAttributes/ARMOR[6957,6962]::ARMOR->field_188791_g
Rename method net/minecraft/entity/EntityLivingBase/getEntityAttribute (Lnet/minecraft/entity/ai/attributes/IAttribute;)Lnet/minecraft/entity/ai/attributes/IAttributeInstance;[6992,7010]::getEntityAttribute->func_110148_a
Rename field net/minecraft/entity/SharedMonsterAttributes/ARMOR[7030,7035]::ARMOR->field_188791_g
Rename method net/minecraft/entity/ai/attributes/IAttributeInstance/setBaseValue (D)V[7046,7058]::setBaseValue->func_111128_a
Rename method net/minecraft/entity/EntityLivingBase/getEntityAttribute (Lnet/minecraft/entity/ai/attributes/IAttribute;)Lnet/minecraft/entity/ai/attributes/IAttributeInstance;[7078,7096]::getEntityAttribute->func_110148_a
Rename field net/minecraft/entity/SharedMonsterAttributes/MOVEMENT_SPEED[7116,7130]::MOVEMENT_SPEED->field_111263_d
Rename method net/minecraft/entity/EntityLivingBase/getEntityAttribute (Lnet/minecraft/entity/ai/attributes/IAttribute;)Lnet/minecraft/entity/ai/attributes/IAttributeInstance;[7151,7169]::getEntityAttribute->func_110148_a
Rename field net/minecraft/entity/SharedMonsterAttributes/MOVEMENT_SPEED[7189,7203]::MOVEMENT_SPEED->field_111263_d
Rename method net/minecraft/entity/ai/attributes/IAttributeInstance/setBaseValue (D)V[7205,7217]::setBaseValue->func_111128_a
Rename method net/minecraft/entity/EntityLivingBase/getEntityAttribute (Lnet/minecraft/entity/ai/attributes/IAttribute;)Lnet/minecraft/entity/ai/attributes/IAttributeInstance;[7239,7257]::getEntityAttribute->func_110148_a
Rename field net/minecraft/entity/SharedMonsterAttributes/MAX_HEALTH[7277,7287]::MAX_HEALTH->field_111267_a
Rename method net/minecraft/entity/EntityLivingBase/getEntityAttribute (Lnet/minecraft/entity/ai/attributes/IAttribute;)Lnet/minecraft/entity/ai/attributes/IAttributeInstance;[7312,7330]::getEntityAttribute->func_110148_a
Rename field net/minecraft/entity/SharedMonsterAttributes/MAX_HEALTH[7350,7360]::MAX_HEALTH->field_111267_a
Rename method net/minecraft/entity/ai/attributes/IAttributeInstance/setBaseValue (D)V[7366,7378]::setBaseValue->func_111128_a
Rename method net/minecraft/entity/EntityLivingBase/getEntityAttribute (Lnet/minecraft/entity/ai/attributes/IAttribute;)Lnet/minecraft/entity/ai/attributes/IAttributeInstance;[7399,7417]::getEntityAttribute->func_110148_a
Rename field net/minecraft/entity/SharedMonsterAttributes/ATTACK_DAMAGE[7437,7450]::ATTACK_DAMAGE->field_111264_e
Rename method net/minecraft/entity/EntityLivingBase/getEntityAttribute (Lnet/minecraft/entity/ai/attributes/IAttribute;)Lnet/minecraft/entity/ai/attributes/IAttributeInstance;[7472,7490]::getEntityAttribute->func_110148_a
Rename field net/minecraft/entity/SharedMonsterAttributes/ATTACK_DAMAGE[7510,7523]::ATTACK_DAMAGE->field_111264_e
Rename method net/minecraft/entity/ai/attributes/IAttributeInstance/setBaseValue (D)V[7526,7538]::setBaseValue->func_111128_a
FOUND CONSTR method net/mcreator/aturaparasiteinfection/entity/EntityAssimilatedHumanoid/Modelassimilatedhumanoid/Modelassimilatedhumanoid ()V net/mcreator/aturaparasiteinfection/entity/EntityAssimilatedHumanoid/Modelassimilatedhumanoid
Rename field net/minecraft/client/model/ModelBase/textureWidth[8867,8879]::textureWidth->field_78090_t
Rename field net/minecraft/client/model/ModelBase/textureHeight[8892,8905]::textureHeight->field_78089_u
Rename method net/minecraft/client/model/ModelRenderer/setRotationPoint (FFF)V[8958,8974]::setRotationPoint->func_78793_a
Rename method net/minecraft/client/model/ModelRenderer/setRotationPoint (FFF)V[9041,9057]::setRotationPoint->func_78793_a
Rename method net/minecraft/client/model/ModelRenderer/addChild (Lnet/minecraft/client/model/ModelRenderer;)V[9083,9091]::addChild->func_78792_a
Rename field net/minecraft/client/model/ModelRenderer/cubeList[9170,9178]::cubeList->field_78804_l
Rename method net/minecraft/client/model/ModelRenderer/setRotationPoint (FFF)V[9306,9322]::setRotationPoint->func_78793_a
Rename method net/minecraft/client/model/ModelRenderer/setRotationPoint (FFF)V[9383,9399]::setRotationPoint->func_78793_a
Rename method net/minecraft/client/model/ModelRenderer/addChild (Lnet/minecraft/client/model/ModelRenderer;)V[9425,9433]::addChild->func_78792_a
Rename field net/minecraft/client/model/ModelRenderer/cubeList[9454,9462]::cubeList->field_78804_l
Rename method net/minecraft/client/model/ModelRenderer/setRotationPoint (FFF)V[9594,9610]::setRotationPoint->func_78793_a
Rename method net/minecraft/client/model/ModelRenderer/addChild (Lnet/minecraft/client/model/ModelRenderer;)V[9637,9645]::addChild->func_78792_a
Rename field net/minecraft/client/model/ModelRenderer/cubeList[9732,9740]::cubeList->field_78804_l
Rename method net/minecraft/client/model/ModelRenderer/setRotationPoint (FFF)V[9875,9891]::setRotationPoint->func_78793_a
Rename method net/minecraft/client/model/ModelRenderer/addChild (Lnet/minecraft/client/model/ModelRenderer;)V[9917,9925]::addChild->func_78792_a
Rename field net/minecraft/client/model/ModelRenderer/cubeList[10008,10016]::cubeList->field_78804_l
Rename method net/minecraft/client/model/ModelRenderer/setRotationPoint (FFF)V[10151,10167]::setRotationPoint->func_78793_a
Rename method net/minecraft/client/model/ModelRenderer/addChild (Lnet/minecraft/client/model/ModelRenderer;)V[10193,10201]::addChild->func_78792_a
Rename field net/minecraft/client/model/ModelRenderer/cubeList[10281,10289]::cubeList->field_78804_l
Rename method net/minecraft/client/model/ModelRenderer/setRotationPoint (FFF)V[10424,10440]::setRotationPoint->func_78793_a
Rename method net/minecraft/client/model/ModelRenderer/addChild (Lnet/minecraft/client/model/ModelRenderer;)V[10468,10476]::addChild->func_78792_a
Rename field net/minecraft/client/model/ModelRenderer/cubeList[10561,10569]::cubeList->field_78804_l
Rename method net/minecraft/client/model/ModelRenderer/setRotationPoint (FFF)V[10705,10721]::setRotationPoint->func_78793_a
Rename method net/minecraft/client/model/ModelRenderer/addChild (Lnet/minecraft/client/model/ModelRenderer;)V[10748,10756]::addChild->func_78792_a
Rename field net/minecraft/client/model/ModelRenderer/cubeList[10838,10846]::cubeList->field_78804_l
Rename method net/minecraft/client/model/ModelRenderer/setRotationPoint (FFF)V[10981,10997]::setRotationPoint->func_78793_a
Rename method net/minecraft/client/model/ModelRenderer/addChild (Lnet/minecraft/client/model/ModelRenderer;)V[11024,11032]::addChild->func_78792_a
Rename field net/minecraft/client/model/ModelRenderer/cubeList[11111,11119]::cubeList->field_78804_l
Rename method net/minecraft/client/model/ModelRenderer/setRotationPoint (FFF)V[11250,11266]::setRotationPoint->func_78793_a
Rename method net/minecraft/client/model/ModelRenderer/addChild (Lnet/minecraft/client/model/ModelRenderer;)V[11291,11299]::addChild->func_78792_a
Rename field net/minecraft/client/model/ModelRenderer/cubeList[11322,11330]::cubeList->field_78804_l
Rename method net/minecraft/client/model/ModelRenderer/setRotationPoint (FFF)V[11464,11480]::setRotationPoint->func_78793_a
Rename method net/minecraft/client/model/ModelRenderer/addChild (Lnet/minecraft/client/model/ModelRenderer;)V[11507,11515]::addChild->func_78792_a
Rename field net/minecraft/client/model/ModelRenderer/cubeList[11594,11602]::cubeList->field_78804_l
Rename method net/minecraft/client/model/ModelRenderer/setRotationPoint (FFF)V[11738,11754]::setRotationPoint->func_78793_a
Rename method net/minecraft/client/model/ModelRenderer/addChild (Lnet/minecraft/client/model/ModelRenderer;)V[11780,11788]::addChild->func_78792_a
Rename field net/minecraft/client/model/ModelRenderer/cubeList[11868,11876]::cubeList->field_78804_l
Rename method net/minecraft/client/model/ModelRenderer/setRotationPoint (FFF)V[12012,12028]::setRotationPoint->func_78793_a
Rename method net/minecraft/client/model/ModelRenderer/addChild (Lnet/minecraft/client/model/ModelRenderer;)V[12053,12061]::addChild->func_78792_a
Rename method net/minecraft/client/model/ModelRenderer/setRotationPoint (FFF)V[12127,12143]::setRotationPoint->func_78793_a
Rename method net/minecraft/client/model/ModelRenderer/addChild (Lnet/minecraft/client/model/ModelRenderer;)V[12174,12182]::addChild->func_78792_a
Rename field net/minecraft/client/model/ModelRenderer/cubeList[12267,12275]::cubeList->field_78804_l
Rename method net/minecraft/client/model/ModelRenderer/setRotationPoint (FFF)V[12409,12425]::setRotationPoint->func_78793_a
Rename method net/minecraft/client/model/ModelRenderer/addChild (Lnet/minecraft/client/model/ModelRenderer;)V[12456,12464]::addChild->func_78792_a
Rename field net/minecraft/client/model/ModelRenderer/cubeList[12549,12557]::cubeList->field_78804_l
Rename method net/minecraft/client/model/ModelRenderer/setRotationPoint (FFF)V[12691,12707]::setRotationPoint->func_78793_a
Rename method net/minecraft/client/model/ModelRenderer/addChild (Lnet/minecraft/client/model/ModelRenderer;)V[12737,12745]::addChild->func_78792_a
Rename field net/minecraft/client/model/ModelRenderer/cubeList[12831,12839]::cubeList->field_78804_l
Rename method net/minecraft/client/model/ModelRenderer/setRotationPoint (FFF)V[12973,12989]::setRotationPoint->func_78793_a
Rename method net/minecraft/client/model/ModelRenderer/addChild (Lnet/minecraft/client/model/ModelRenderer;)V[13019,13027]::addChild->func_78792_a
Rename field net/minecraft/client/model/ModelRenderer/cubeList[13113,13121]::cubeList->field_78804_l
Rename method net/minecraft/client/model/ModelRenderer/setRotationPoint (FFF)V[13255,13271]::setRotationPoint->func_78793_a
Rename method net/minecraft/client/model/ModelRenderer/addChild (Lnet/minecraft/client/model/ModelRenderer;)V[13301,13309]::addChild->func_78792_a
Rename field net/minecraft/client/model/ModelRenderer/cubeList[13391,13399]::cubeList->field_78804_l
Rename method net/minecraft/client/model/ModelRenderer/setRotationPoint (FFF)V[13533,13549]::setRotationPoint->func_78793_a
Rename method net/minecraft/client/model/ModelRenderer/addChild (Lnet/minecraft/client/model/ModelRenderer;)V[13579,13587]::addChild->func_78792_a
Rename field net/minecraft/client/model/ModelRenderer/cubeList[13672,13680]::cubeList->field_78804_l
Rename method net/minecraft/client/model/ModelRenderer/setRotationPoint (FFF)V[13814,13830]::setRotationPoint->func_78793_a
Rename method net/minecraft/client/model/ModelRenderer/addChild (Lnet/minecraft/client/model/ModelRenderer;)V[13859,13867]::addChild->func_78792_a
Rename field net/minecraft/client/model/ModelRenderer/cubeList[13950,13958]::cubeList->field_78804_l
Rename method net/minecraft/client/model/ModelRenderer/setRotationPoint (FFF)V[14094,14110]::setRotationPoint->func_78793_a
Rename method net/minecraft/client/model/ModelRenderer/addChild (Lnet/minecraft/client/model/ModelRenderer;)V[14139,14147]::addChild->func_78792_a
Rename field net/minecraft/client/model/ModelRenderer/cubeList[14237,14245]::cubeList->field_78804_l
Rename method net/minecraft/client/model/ModelRenderer/setRotationPoint (FFF)V[14382,14398]::setRotationPoint->func_78793_a
Rename method net/minecraft/client/model/ModelRenderer/addChild (Lnet/minecraft/client/model/ModelRenderer;)V[14428,14436]::addChild->func_78792_a
Rename field net/minecraft/client/model/ModelRenderer/cubeList[14524,14532]::cubeList->field_78804_l
Rename method net/minecraft/client/model/ModelRenderer/setRotationPoint (FFF)V[14669,14685]::setRotationPoint->func_78793_a
Rename method net/minecraft/client/model/ModelRenderer/addChild (Lnet/minecraft/client/model/ModelRenderer;)V[14715,14723]::addChild->func_78792_a
Rename field net/minecraft/client/model/ModelRenderer/cubeList[14811,14819]::cubeList->field_78804_l
Rename method net/minecraft/client/model/ModelRenderer/setRotationPoint (FFF)V[14956,14972]::setRotationPoint->func_78793_a
Rename method net/minecraft/client/model/ModelRenderer/setRotationPoint (FFF)V[15048,15064]::setRotationPoint->func_78793_a
Rename method net/minecraft/client/model/ModelRenderer/addChild (Lnet/minecraft/client/model/ModelRenderer;)V[15094,15102]::addChild->func_78792_a
Rename field net/minecraft/client/model/ModelRenderer/cubeList[15199,15207]::cubeList->field_78804_l
Rename method net/minecraft/client/model/ModelRenderer/setRotationPoint (FFF)V[15346,15362]::setRotationPoint->func_78793_a
Rename method net/minecraft/client/model/ModelRenderer/setRotationPoint (FFF)V[15435,15451]::setRotationPoint->func_78793_a
Rename method net/minecraft/client/model/ModelRenderer/addChild (Lnet/minecraft/client/model/ModelRenderer;)V[15480,15488]::addChild->func_78792_a
Rename field net/minecraft/client/model/ModelRenderer/cubeList[15584,15592]::cubeList->field_78804_l
Rename method net/minecraft/client/model/ModelRenderer/setRotationPoint (FFF)V[15732,15748]::setRotationPoint->func_78793_a
Rename field net/minecraft/client/model/ModelRenderer/cubeList[15779,15787]::cubeList->field_78804_l
Rename method net/minecraft/client/model/ModelRenderer/setRotationPoint (FFF)V[15923,15939]::setRotationPoint->func_78793_a
Rename field net/minecraft/client/model/ModelRenderer/cubeList[15968,15976]::cubeList->field_78804_l
Rename method net/minecraft/client/model/ModelBase/render (Lnet/minecraft/entity/Entity;FFFFFF)V[16096,16102]::render->func_78088_a
Rename method net/minecraft/client/model/ModelRenderer/render (F)V[16194,16200]::render->func_78785_a
Rename method net/minecraft/client/model/ModelRenderer/render (F)V[16221,16227]::render->func_78785_a
Rename method net/minecraft/client/model/ModelRenderer/render (F)V[16252,16258]::render->func_78785_a
Rename method net/minecraft/client/model/ModelRenderer/render (F)V[16282,16288]::render->func_78785_a
Rename method net/minecraft/client/model/ModelRenderer/render (F)V[16313,16319]::render->func_78785_a
Rename method net/minecraft/client/model/ModelRenderer/render (F)V[16343,16349]::render->func_78785_a
Rename field net/minecraft/client/model/ModelRenderer/rotateAngleX[16476,16488]::rotateAngleX->field_78795_f
Rename field net/minecraft/client/model/ModelRenderer/rotateAngleY[16513,16525]::rotateAngleY->field_78796_g
Rename field net/minecraft/client/model/ModelRenderer/rotateAngleZ[16550,16562]::rotateAngleZ->field_78808_h
Rename method net/minecraft/client/model/ModelBase/setRotationAngles (FFFFFFLnet/minecraft/entity/Entity;)V[16591,16608]::setRotationAngles->func_78087_a
Rename method net/minecraft/client/model/ModelBase/setRotationAngles (FFFFFFLnet/minecraft/entity/Entity;)V[16685,16702]::setRotationAngles->func_78087_a
Rename field net/minecraft/client/model/ModelRenderer/rotateAngleX[16742,16754]::rotateAngleX->field_78795_f
Rename method net/minecraft/util/math/MathHelper/cos (F)F[16769,16772]::cos->func_76134_b
Rename field net/minecraft/client/model/ModelRenderer/rotateAngleX[16824,16836]::rotateAngleX->field_78795_f
Rename method net/minecraft/util/math/MathHelper/cos (F)F[16851,16854]::cos->func_76134_b
Import: net.minecraftforge.fml.relauncher.SideOnly
Import: net.minecraftforge.fml.relauncher.Side
Import: net.minecraftforge.fml.common.registry.EntityRegistry
Import: net.minecraftforge.fml.common.registry.EntityEntryBuilder
Import: net.minecraftforge.fml.common.event.FMLPreInitializationEvent
Import: net.minecraftforge.fml.common.event.FMLInitializationEvent
Import: net.minecraftforge.fml.client.registry.RenderingRegistry
Import: net.minecraft.world.biome.Biome
Import: net.minecraft.world.World
Import: net.minecraft.util.math.MathHelper
Import: net.minecraft.util.ResourceLocation
Import: net.minecraft.util.DamageSource
Import: net.minecraft.item.Item
Import: net.minecraft.entity.player.EntityPlayerMP
Import: net.minecraft.entity.player.EntityPlayer
Import: net.minecraft.entity.passive.EntityAnimal
Import: net.minecraft.entity.monster.EntityMob
Import: net.minecraft.entity.ai.EntityAIWander
Import: net.minecraft.entity.ai.EntityAISwimming
Import: net.minecraft.entity.ai.EntityAINearestAttackableTarget
Import: net.minecraft.entity.ai.EntityAILookIdle
Import: net.minecraft.entity.ai.EntityAILeapAtTarget
Import: net.minecraft.entity.ai.EntityAIHurtByTarget
Import: net.minecraft.entity.ai.EntityAIAttackMelee
Import: net.minecraft.entity.SharedMonsterAttributes
Import: net.minecraft.entity.EnumCreatureType
Import: net.minecraft.entity.EnumCreatureAttribute
Import: net.minecraft.entity.EntityLivingBase
Import: net.minecraft.entity.Entity
Import: net.minecraft.client.renderer.entity.RenderLiving
Import: net.minecraft.client.model.ModelRenderer
Import: net.minecraft.client.model.ModelBox
Import: net.minecraft.client.model.ModelBase
Import: net.mcreator.aturaparasiteinfection.procedure.ProcedureParasiteKill
Import: net.mcreator.aturaparasiteinfection.procedure.ProcedureParasiteDeath
Import: net.mcreator.aturaparasiteinfection.ElementsAturaParasiteInfection
Import: java.util.Iterator
Import: java.util.ArrayList
End  Processing: net/mcreator/aturaparasiteinfection/entity/EntityAssimilatedHumanoid.java

Start Processing: net/mcreator/aturaparasiteinfection/procedure/ProcedureGetPointsCommand.java
New Key: class net/mcreator/aturaparasiteinfection/ElementsAturaParasiteInfection
New Key: class net/mcreator/aturaparasiteinfection/ElementsAturaParasiteInfection
FOUND CONSTR method net/mcreator/aturaparasiteinfection/procedure/ProcedureGetPointsCommand/ProcedureGetPointsCommand (Lnet/mcreator/aturaparasiteinfection/ElementsAturaParasiteInfection;)V net/mcreator/aturaparasiteinfection/procedure/ProcedureGetPointsCommand
Rename method net/minecraft/server/MinecraftServer/getPlayerList ()Lnet/minecraft/server/management/PlayerList;[1073,1086]::getPlayerList->func_184103_al
Rename method net/minecraft/server/management/PlayerList/sendMessage (Lnet/minecraft/util/text/ITextComponent;)V[1090,1101]::sendMessage->func_148539_a
New Key: class net/mcreator/aturaparasiteinfection/AturaParasiteInfectionVariables
Import: net.minecraftforge.fml.common.FMLCommonHandler
Import: net.minecraft.world.World
Import: net.minecraft.util.text.TextComponentString
Import: net.minecraft.server.MinecraftServer
Import: net.mcreator.aturaparasiteinfection.ElementsAturaParasiteInfection
Import: net.mcreator.aturaparasiteinfection.AturaParasiteInfectionVariables
End  Processing: net/mcreator/aturaparasiteinfection/procedure/ProcedureGetPointsCommand.java

Start Processing: net/mcreator/aturaparasiteinfection/procedure/ProcedureParasiteDeath.java
New Key: class net/mcreator/aturaparasiteinfection/ElementsAturaParasiteInfection
New Key: class net/mcreator/aturaparasiteinfection/ElementsAturaParasiteInfection
FOUND CONSTR method net/mcreator/aturaparasiteinfection/procedure/ProcedureParasiteDeath/ProcedureParasiteDeath (Lnet/mcreator/aturaparasiteinfection/ElementsAturaParasiteInfection;)V net/mcreator/aturaparasiteinfection/procedure/ProcedureParasiteDeath
Rename field net/minecraft/world/World/isRemote[1259,1267]::isRemote->field_72995_K
Rename method net/minecraft/world/World/createExplosion (Lnet/minecraft/entity/Entity;DDDFZ)Lnet/minecraft/world/Explosion;[1286,1301]::createExplosion->func_72876_a
Import: net.minecraft.world.World
Import: net.mcreator.aturaparasiteinfection.ElementsAturaParasiteInfection
End  Processing: net/mcreator/aturaparasiteinfection/procedure/ProcedureParasiteDeath.java

Start Processing: net/mcreator/aturaparasiteinfection/procedure/ProcedureParasiteKill.java
New Key: class net/mcreator/aturaparasiteinfection/ElementsAturaParasiteInfection
New Key: class net/mcreator/aturaparasiteinfection/ElementsAturaParasiteInfection
FOUND CONSTR method net/mcreator/aturaparasiteinfection/procedure/ProcedureParasiteKill/ProcedureParasiteKill (Lnet/mcreator/aturaparasiteinfection/ElementsAturaParasiteInfection;)V net/mcreator/aturaparasiteinfection/procedure/ProcedureParasiteKill
New Key: class net/mcreator/aturaparasiteinfection/AturaParasiteInfectionVariables
New Key: class net/mcreator/aturaparasiteinfection/AturaParasiteInfectionVariables
New Key: class net/mcreator/aturaparasiteinfection/AturaParasiteInfectionVariables
Rename field net/minecraft/world/World/isRemote[2048,2056]::isRemote->field_72995_K
New Key: class net/mcreator/aturaparasiteinfection/entity/EntityAssimilatedHumanoid
Rename method net/minecraft/entity/Entity/setLocationAndAngles (DDDFF)V[2201,2221]::setLocationAndAngles->func_70012_b
Rename field net/minecraft/world/World/rand[2229,2233]::rand->field_73012_v
Rename method net/minecraft/world/World/spawnEntity (Lnet/minecraft/entity/Entity;)Z[2283,2294]::spawnEntity->func_72838_d
Rename field net/minecraft/world/World/isRemote[2416,2424]::isRemote->field_72995_K
New Key: class net/mcreator/aturaparasiteinfection/entity/EntityAssimilatedHumanoid
Rename method net/minecraft/entity/Entity/setLocationAndAngles (DDDFF)V[2566,2586]::setLocationAndAngles->func_70012_b
Rename field net/minecraft/world/World/rand[2594,2598]::rand->field_73012_v
Rename method net/minecraft/world/World/spawnEntity (Lnet/minecraft/entity/Entity;)Z[2647,2658]::spawnEntity->func_72838_d
Import: net.minecraft.world.World
Import: net.minecraft.entity.passive.EntityAnimal
Import: net.minecraft.entity.Entity
Import: net.mcreator.aturaparasiteinfection.entity.EntityAssimilatedHumanoid
Import: net.mcreator.aturaparasiteinfection.ElementsAturaParasiteInfection
Import: net.mcreator.aturaparasiteinfection.AturaParasiteInfectionVariables
End  Processing: net/mcreator/aturaparasiteinfection/procedure/ProcedureParasiteKill.java

